Performing C SOURCE FILE Test CMAKE_HAVE_LIBC_PTHREAD failed with the following output:
Change Dir: /home/changfei/whelan_ws/src/auto_EVO-ORB_SLAM/auto_EVO-ORB_SLAM2/Tum/build/CMakeFiles/CMakeScratch/TryCompile-6Nw9Jz

Run Build Command(s):/usr/bin/make -f Makefile cmTC_3d8b9/fast && /usr/bin/make  -f CMakeFiles/cmTC_3d8b9.dir/build.make CMakeFiles/cmTC_3d8b9.dir/build
make[1]: Entering directory '/home/changfei/whelan_ws/src/auto_EVO-ORB_SLAM/auto_EVO-ORB_SLAM2/Tum/build/CMakeFiles/CMakeScratch/TryCompile-6Nw9Jz'
Building C object CMakeFiles/cmTC_3d8b9.dir/src.c.o
/usr/bin/cc -DCMAKE_HAVE_LIBC_PTHREAD  -fPIC  -o CMakeFiles/cmTC_3d8b9.dir/src.c.o -c /home/changfei/whelan_ws/src/auto_EVO-ORB_SLAM/auto_EVO-ORB_SLAM2/Tum/build/CMakeFiles/CMakeScratch/TryCompile-6Nw9Jz/src.c
Linking C executable cmTC_3d8b9
/opt/cmake-3.25.3/bin/cmake -E cmake_link_script CMakeFiles/cmTC_3d8b9.dir/link.txt --verbose=1
/usr/bin/cc -fPIC  -rdynamic CMakeFiles/cmTC_3d8b9.dir/src.c.o -o cmTC_3d8b9 
CMakeFiles/cmTC_3d8b9.dir/src.c.o: In function `main':
src.c:(.text+0x3e): undefined reference to `pthread_create'
src.c:(.text+0x4a): undefined reference to `pthread_detach'
src.c:(.text+0x56): undefined reference to `pthread_cancel'
src.c:(.text+0x67): undefined reference to `pthread_join'
src.c:(.text+0x7b): undefined reference to `pthread_atfork'
collect2: error: ld returned 1 exit status
CMakeFiles/cmTC_3d8b9.dir/build.make:98: recipe for target 'cmTC_3d8b9' failed
make[1]: *** [cmTC_3d8b9] Error 1
make[1]: Leaving directory '/home/changfei/whelan_ws/src/auto_EVO-ORB_SLAM/auto_EVO-ORB_SLAM2/Tum/build/CMakeFiles/CMakeScratch/TryCompile-6Nw9Jz'
Makefile:127: recipe for target 'cmTC_3d8b9/fast' failed
make: *** [cmTC_3d8b9/fast] Error 2


Source file was:
#include <pthread.h>

static void* test_func(void* data)
{
  return data;
}

int main(void)
{
  pthread_t thread;
  pthread_create(&thread, NULL, test_func, NULL);
  pthread_detach(thread);
  pthread_cancel(thread);
  pthread_join(thread, NULL);
  pthread_atfork(NULL, NULL, NULL);
  pthread_exit(NULL);

  return 0;
}


Determining if the function pthread_create exists in the pthreads failed with the following output:
Change Dir: /home/changfei/whelan_ws/src/auto_EVO-ORB_SLAM/auto_EVO-ORB_SLAM2/Tum/build/CMakeFiles/CMakeScratch/TryCompile-m7ExEf

Run Build Command(s):/usr/bin/make -f Makefile cmTC_62e20/fast && /usr/bin/make  -f CMakeFiles/cmTC_62e20.dir/build.make CMakeFiles/cmTC_62e20.dir/build
make[1]: Entering directory '/home/changfei/whelan_ws/src/auto_EVO-ORB_SLAM/auto_EVO-ORB_SLAM2/Tum/build/CMakeFiles/CMakeScratch/TryCompile-m7ExEf'
Building C object CMakeFiles/cmTC_62e20.dir/CheckFunctionExists.c.o
/usr/bin/cc   -fPIC -DCHECK_FUNCTION_EXISTS=pthread_create -o CMakeFiles/cmTC_62e20.dir/CheckFunctionExists.c.o -c /home/changfei/whelan_ws/src/auto_EVO-ORB_SLAM/auto_EVO-ORB_SLAM2/Tum/build/CMakeFiles/CMakeScratch/TryCompile-m7ExEf/CheckFunctionExists.c
Linking C executable cmTC_62e20
/opt/cmake-3.25.3/bin/cmake -E cmake_link_script CMakeFiles/cmTC_62e20.dir/link.txt --verbose=1
/usr/bin/cc -fPIC -DCHECK_FUNCTION_EXISTS=pthread_create -rdynamic CMakeFiles/cmTC_62e20.dir/CheckFunctionExists.c.o -o cmTC_62e20  -lpthreads 
/usr/bin/ld: cannot find -lpthreads
collect2: error: ld returned 1 exit status
CMakeFiles/cmTC_62e20.dir/build.make:98: recipe for target 'cmTC_62e20' failed
make[1]: *** [cmTC_62e20] Error 1
make[1]: Leaving directory '/home/changfei/whelan_ws/src/auto_EVO-ORB_SLAM/auto_EVO-ORB_SLAM2/Tum/build/CMakeFiles/CMakeScratch/TryCompile-m7ExEf'
Makefile:127: recipe for target 'cmTC_62e20/fast' failed
make: *** [cmTC_62e20/fast] Error 2



